<?xml version="1.0" encoding="UTF-8"?>
<!-- Generated by org.testng.reporters.JUnitReportReporter -->
<testsuite skipped="0" hostname="LAPTOP-UR1U4R4C" name="com.acti.pages.EnterTimePage" tests="1" failures="0" timestamp="11 Feb 2022 00:19:49 GMT" time="3.684" errors="0">
  <testcase name="initApplication" time="3.684" classname="com.acti.pages.EnterTimePage"/>
</testsuite> <!-- com.acti.pages.EnterTimePage -->
