<?xml version="1.0" encoding="UTF-8"?>
<!-- Generated by org.testng.reporters.JUnitReportReporter -->
<testsuite skipped="0" hostname="LAPTOP-UR1U4R4C" name="com.acti.pages.LoginPage" tests="1" failures="0" timestamp="09 Feb 2022 21:31:21 GMT" time="3.854" errors="0">
  <testcase name="initApplication" time="3.854" classname="com.acti.pages.LoginPage"/>
</testsuite> <!-- com.acti.pages.LoginPage -->
